[26-Jan-2021 18:56:17] NOTICE: fpm is running, pid 28855
[26-Jan-2021 18:56:17] NOTICE: ready to handle connections
[26-Jan-2021 18:56:47] ERROR: Another FPM instance seems to already listen on /home/nevermind/.config/Local/run/_esnNVct8/php/php-fpm.socket
[26-Jan-2021 18:56:47] ERROR: FPM initialization failed
[26-Jan-2021 18:56:47] ERROR: Another FPM instance seems to already listen on /home/nevermind/.config/Local/run/_esnNVct8/php/php-fpm.socket
[26-Jan-2021 18:56:47] ERROR: FPM initialization failed
[26-Jan-2021 18:56:48] ERROR: Another FPM instance seems to already listen on /home/nevermind/.config/Local/run/_esnNVct8/php/php-fpm.socket
[26-Jan-2021 18:56:48] ERROR: FPM initialization failed
[26-Jan-2021 18:56:48] ERROR: Another FPM instance seems to already listen on /home/nevermind/.config/Local/run/_esnNVct8/php/php-fpm.socket
[26-Jan-2021 18:56:48] ERROR: FPM initialization failed
[26-Jan-2021 18:57:01] ERROR: Another FPM instance seems to already listen on /home/nevermind/.config/Local/run/_esnNVct8/php/php-fpm.socket
[26-Jan-2021 18:57:01] ERROR: FPM initialization failed
[26-Jan-2021 18:57:02] ERROR: Another FPM instance seems to already listen on /home/nevermind/.config/Local/run/_esnNVct8/php/php-fpm.socket
[26-Jan-2021 18:57:02] ERROR: FPM initialization failed
[26-Jan-2021 18:57:02] ERROR: Another FPM instance seems to already listen on /home/nevermind/.config/Local/run/_esnNVct8/php/php-fpm.socket
[26-Jan-2021 18:57:02] ERROR: FPM initialization failed
[26-Jan-2021 18:57:03] ERROR: Another FPM instance seems to already listen on /home/nevermind/.config/Local/run/_esnNVct8/php/php-fpm.socket
[26-Jan-2021 18:57:03] ERROR: FPM initialization failed
[26-Jan-2021 21:20:07] NOTICE: fpm is running, pid 2461
[26-Jan-2021 21:20:07] NOTICE: ready to handle connections
[26-Jan-2021 21:20:30] ERROR: Another FPM instance seems to already listen on /home/nevermind/.config/Local/run/_esnNVct8/php/php-fpm.socket
[26-Jan-2021 21:20:30] ERROR: FPM initialization failed
[26-Jan-2021 21:20:30] ERROR: Another FPM instance seems to already listen on /home/nevermind/.config/Local/run/_esnNVct8/php/php-fpm.socket
[26-Jan-2021 21:20:30] ERROR: FPM initialization failed
[26-Jan-2021 21:20:31] ERROR: Another FPM instance seems to already listen on /home/nevermind/.config/Local/run/_esnNVct8/php/php-fpm.socket
[26-Jan-2021 21:20:31] ERROR: FPM initialization failed
[26-Jan-2021 21:20:31] ERROR: Another FPM instance seems to already listen on /home/nevermind/.config/Local/run/_esnNVct8/php/php-fpm.socket
[26-Jan-2021 21:20:31] ERROR: FPM initialization failed
[27-Jan-2021 08:02:26] NOTICE: fpm is running, pid 4797
[27-Jan-2021 08:02:26] NOTICE: ready to handle connections
[27-Jan-2021 23:31:25] NOTICE: fpm is running, pid 2771
[27-Jan-2021 23:31:25] NOTICE: ready to handle connections
[28-Jan-2021 02:13:37] NOTICE: Terminating ...
[28-Jan-2021 08:03:58] NOTICE: fpm is running, pid 3631
[28-Jan-2021 08:03:58] NOTICE: ready to handle connections
[28-Jan-2021 08:15:12] ERROR: Another FPM instance seems to already listen on /home/nevermind/.config/Local/run/_esnNVct8/php/php-fpm.socket
[28-Jan-2021 08:15:12] ERROR: FPM initialization failed
[28-Jan-2021 08:15:13] ERROR: Another FPM instance seems to already listen on /home/nevermind/.config/Local/run/_esnNVct8/php/php-fpm.socket
[28-Jan-2021 08:15:13] ERROR: FPM initialization failed
[28-Jan-2021 08:15:13] ERROR: Another FPM instance seems to already listen on /home/nevermind/.config/Local/run/_esnNVct8/php/php-fpm.socket
[28-Jan-2021 08:15:13] ERROR: FPM initialization failed
[28-Jan-2021 08:15:14] ERROR: Another FPM instance seems to already listen on /home/nevermind/.config/Local/run/_esnNVct8/php/php-fpm.socket
[28-Jan-2021 08:15:14] ERROR: FPM initialization failed
[28-Jan-2021 15:20:53] NOTICE: Terminating ...
[28-Jan-2021 22:17:21] NOTICE: fpm is running, pid 17848
[28-Jan-2021 22:17:21] NOTICE: ready to handle connections
[28-Jan-2021 22:19:01] ERROR: Another FPM instance seems to already listen on /home/nevermind/.config/Local/run/_esnNVct8/php/php-fpm.socket
[28-Jan-2021 22:19:01] ERROR: FPM initialization failed
[28-Jan-2021 22:19:01] ERROR: Another FPM instance seems to already listen on /home/nevermind/.config/Local/run/_esnNVct8/php/php-fpm.socket
[28-Jan-2021 22:19:01] ERROR: FPM initialization failed
[28-Jan-2021 22:19:02] ERROR: Another FPM instance seems to already listen on /home/nevermind/.config/Local/run/_esnNVct8/php/php-fpm.socket
[28-Jan-2021 22:19:02] ERROR: FPM initialization failed
[28-Jan-2021 22:19:02] ERROR: Another FPM instance seems to already listen on /home/nevermind/.config/Local/run/_esnNVct8/php/php-fpm.socket
[28-Jan-2021 22:19:02] ERROR: FPM initialization failed
[30-Jan-2021 02:12:16] NOTICE: fpm is running, pid 34637
[30-Jan-2021 02:12:16] NOTICE: ready to handle connections
[30-Jan-2021 03:43:44] NOTICE: Terminating ...
[01-Feb-2021 18:43:50] NOTICE: fpm is running, pid 14555
[01-Feb-2021 18:43:50] NOTICE: ready to handle connections
[01-Feb-2021 18:51:27] ERROR: Another FPM instance seems to already listen on /home/nevermind/.config/Local/run/_esnNVct8/php/php-fpm.socket
[01-Feb-2021 18:51:27] ERROR: FPM initialization failed
[01-Feb-2021 18:51:28] ERROR: Another FPM instance seems to already listen on /home/nevermind/.config/Local/run/_esnNVct8/php/php-fpm.socket
[01-Feb-2021 18:51:28] ERROR: FPM initialization failed
[01-Feb-2021 18:51:28] ERROR: Another FPM instance seems to already listen on /home/nevermind/.config/Local/run/_esnNVct8/php/php-fpm.socket
[01-Feb-2021 18:51:28] ERROR: FPM initialization failed
[01-Feb-2021 18:51:29] ERROR: Another FPM instance seems to already listen on /home/nevermind/.config/Local/run/_esnNVct8/php/php-fpm.socket
[01-Feb-2021 18:51:29] ERROR: FPM initialization failed
[02-Feb-2021 08:40:17] NOTICE: fpm is running, pid 15506
[02-Feb-2021 08:40:17] NOTICE: ready to handle connections
[02-Feb-2021 08:40:49] ERROR: Another FPM instance seems to already listen on /home/nevermind/.config/Local/run/_esnNVct8/php/php-fpm.socket
[02-Feb-2021 08:40:49] ERROR: FPM initialization failed
[02-Feb-2021 08:40:49] ERROR: Another FPM instance seems to already listen on /home/nevermind/.config/Local/run/_esnNVct8/php/php-fpm.socket
[02-Feb-2021 08:40:49] ERROR: FPM initialization failed
[02-Feb-2021 08:40:50] ERROR: Another FPM instance seems to already listen on /home/nevermind/.config/Local/run/_esnNVct8/php/php-fpm.socket
[02-Feb-2021 08:40:50] ERROR: FPM initialization failed
[02-Feb-2021 08:40:50] ERROR: Another FPM instance seems to already listen on /home/nevermind/.config/Local/run/_esnNVct8/php/php-fpm.socket
[02-Feb-2021 08:40:50] ERROR: FPM initialization failed
[02-Feb-2021 09:41:17] NOTICE: Terminating ...
[02-Feb-2021 21:35:05] NOTICE: fpm is running, pid 7671
[02-Feb-2021 21:35:05] NOTICE: ready to handle connections
